<?xml version="1.0" encoding="UTF-8"?>
<testng-results skipped="0" failed="0" ignored="0" total="1" passed="1">
  <reporter-output>
  </reporter-output>
  <suite name="Default suite" duration-ms="95" started-at="2018-04-30T19:12:58Z" finished-at="2018-04-30T19:12:58Z">
    <groups>
    </groups>
    <test name="Default test" duration-ms="95" started-at="2018-04-30T19:12:58Z" finished-at="2018-04-30T19:12:58Z">
      <class name="com.tng.basics.Test1">
        <test-method status="PASS" signature="f()[pri:0, instance:com.tng.basics.Test1@7dc7cbad]" name="f" duration-ms="22" started-at="2018-04-30T19:12:58Z" finished-at="2018-04-30T19:12:58Z">
          <reporter-output>
          </reporter-output>
        </test-method> <!-- f -->
      </class> <!-- com.tng.basics.Test1 -->
    </test> <!-- Default test -->
  </suite> <!-- Default suite -->
</testng-results>
